16.2299 	WARNING 	Font Manager failed to load file /System/Library/PrivateFrameworks/FontServices.framework/Resources/Reserved/PingFangUI.ttc
16.3312 	WARNING 	Font Manager failed to load file /System/Library/PrivateFrameworks/FontServices.framework/Resources/Reserved/PingFangUI.ttc
20.1641 	EXP 	Created window1 = Window(allowGUI=False, allowStencil=False, autoLog=True, backendConf=UNKNOWN, backgroundFit=<method-wrapper '__getattribute__' of attributeSetter object at 0x13af4eef0>, backgroundImage=<method-wrapper '__getattribute__' of attributeSetter object at 0x13af4ef50>, bitsMode=UNKNOWN, blendMode='avg', bpc=(8, 8, 8), color=array([0, 0, 0]), colorSpace='rgb', depthBits=8, fullscr=True, gamma=None, gammaErrorPolicy='raise', infoMsg=UNKNOWN, lms=UNKNOWN, monitor=<psychopy.monitors.calibTools.Monitor object at 0x13b200220>, multiSample=False, name='window1', numSamples=2, pos=[np.float64(0.0), np.float64(0.0)], screen=0, size=array([1920, 1080]), stencilBits=0, stereo=False, title='PsychoPy', units='height', useFBO=True, useRetina=False, viewOri=0.0, viewPos=None, viewScale=None, waitBlanking=True, winType='pyglet')
20.1641 	EXP 	window1: backgroundImage = ''
20.1641 	EXP 	window1: backgroundFit = 'none'
20.4918 	EXP 	window1: Attempting to measure frame rate of screen (0) ...
20.4919 	EXP 	window1: recordFrameIntervals = False
20.6670 	EXP 	window1: recordFrameIntervals = True
21.5005 	WARNING 	Couldn't measure a consistent frame rate!
  - Is your graphics card set to sync to vertical blank?
  - Are you running other processes on your computer?

24.4804 	EXP 	hcp_social-animation-fmri: status = STARTED
24.6284 	EXP 	Created Intro = TextStim(__class__=<class 'psychopy.visual.text.TextStim'>, alignHoriz=method-wrapper(...), alignText='center', alignVert=method-wrapper(...), anchorHoriz='center', anchorVert='center', antialias=True, autoDraw=False, autoLog=True, bold=False, color=array([1., 1., 1.]), colorSpace='rgb', contrast=1.0, depth=0.0, draggable=False, flipHoriz=False, flipVert=False, font='Open Sans', fontFiles=[], height=np.float64(0.04), italic=False, languageStyle='LTR', name='Intro', opacity=1, ori=0.0, pos=array([0., 0.]), rgb=UNKNOWN, text=str(...), units='height', win=Window(...), wrapWidth=1)
24.6359 	EXP 	Created start_task_text = TextStim(__class__=<class 'psychopy.visual.text.TextStim'>, alignHoriz=method-wrapper(...), alignText='center', alignVert=method-wrapper(...), anchorHoriz='center', anchorVert='center', antialias=True, autoDraw=False, autoLog=True, bold=False, color=array([1., 1., 1.]), colorSpace='rgb', contrast=1.0, depth=-1.0, draggable=False, flipHoriz=False, flipVert=False, font='Arial', fontFiles=[], height=np.float64(0.04), italic=False, languageStyle='LTR', name='start_task_text', opacity=1, ori=0.0, pos=array([ 0., 30.]), rgb=UNKNOWN, text='Press space to start the task.', units='height', win=Window(...), wrapWidth=1)
24.6460 	WARNING 	Using `sdl2` for audio playback via `ffpyplayer`. This is not recommended for applications requiring precise audio-visual synchronization.
24.6554 	EXP 	Created resp_prompt = TextStim(__class__=<class 'psychopy.visual.text.TextStim'>, alignHoriz=method-wrapper(...), alignText='center', alignVert=method-wrapper(...), anchorHoriz='center', anchorVert='center', antialias=True, autoDraw=False, autoLog=True, bold=False, color=array([1., 1., 1.]), colorSpace='rgb', contrast=1.0, depth=0.0, draggable=False, flipHoriz=False, flipVert=False, font='Open Sans', fontFiles=[], height=np.float64(0.05), italic=False, languageStyle='LTR', name='resp_prompt', opacity=1, ori=0.0, pos=array([0., 0.]), rgb=UNKNOWN, text='Social         Unsure         Non-social', units='height', win=Window(...), wrapWidth=1)
24.6580 	EXP 	Created fixation = TextStim(__class__=<class 'psychopy.visual.text.TextStim'>, alignHoriz=method-wrapper(...), alignText='center', alignVert=method-wrapper(...), anchorHoriz='center', anchorVert='center', antialias=True, autoDraw=False, autoLog=True, bold=False, color=array([1., 1., 1.]), colorSpace='rgb', contrast=1.0, depth=0.0, draggable=False, flipHoriz=False, flipVert=False, font='Open Sans', fontFiles=[], height=np.float64(0.1), italic=False, languageStyle='LTR', name='fixation', opacity=1, ori=0.0, pos=array([0., 0.]), rgb=UNKNOWN, text='+', units='height', win=Window(...), wrapWidth=1)
24.6660 	EXP 	Created end_run_text = TextStim(__class__=<class 'psychopy.visual.text.TextStim'>, alignHoriz=method-wrapper(...), alignText='center', alignVert=method-wrapper(...), anchorHoriz='center', anchorVert='center', antialias=True, autoDraw=False, autoLog=True, bold=False, color=array([1., 1., 1.]), colorSpace='rgb', contrast=1.0, depth=0.0, draggable=False, flipHoriz=False, flipVert=False, font='Open Sans', fontFiles=[], height=np.float64(0.05), italic=False, languageStyle='LTR', name='end_run_text', opacity=1, ori=0.0, pos=array([0., 0.]), rgb=UNKNOWN, text=str(...), units='height', win=Window(...), wrapWidth=1)
24.6714 	EXP 	Created end_task_text = TextStim(__class__=<class 'psychopy.visual.text.TextStim'>, alignHoriz=method-wrapper(...), alignText='center', alignVert=method-wrapper(...), anchorHoriz='center', anchorVert='center', antialias=True, autoDraw=False, autoLog=True, bold=False, color=array([1., 1., 1.]), colorSpace='rgb', contrast=1.0, depth=0.0, draggable=False, flipHoriz=False, flipVert=False, font='Open Sans', fontFiles=[], height=np.float64(0.05), italic=False, languageStyle='LTR', name='end_task_text', opacity=1, ori=0.0, pos=array([0., 0.]), rgb=UNKNOWN, text=str(...), units='height', win=Window(...), wrapWidth=1)
0.0055 	EXP 	video_stim: autoLog = True
0.0186 	EXP 	Intro: autoDraw = True
4.9951 	EXP 	start_task_text: autoDraw = True
8.9191 	EXP 	Device response: <KeyPress from None: t=8.898539178000647, value=space, duration=None>
8.9380 	EXP 	Imported ../stimuli/stimuli_order.csv as conditions, 2 conditions, 2 params
8.9385 	EXP 	New trial (rep=0, index=0): <Trial 0 (0 in rep 0) data={'runFile': '../stimuli/stimuli_order_run1.csv', 'readyMsg': 'Run 1', 'thisN': 0, 'thisTrialN': 0, 'thisRepN': 0}>
8.9417 	EXP 	Imported ../stimuli/stimuli_order_run1.csv as conditions, 5 conditions, 3 params
8.9419 	EXP 	New trial (rep=0, index=0): <Trial 0 (0 in rep 0) data={'run': np.int64(1), 'stimuli': '../stimuli/COAXING-B.AVI', 'category': 'mental', 'thisN': 0, 'thisTrialN': 0, 'thisRepN': 0}>
9.6164 	EXP 	Device response: <KeyPress from None: t=8.898539178000647, value=space, duration=0.1102307200053474>
9.6264 	DATA 	Keypress: space
9.6323 	WARNING 	t of last frame was 732.02ms (=1/1)
9.6323 	EXP 	Intro: autoDraw = False
9.6323 	EXP 	start_task_text: autoDraw = False
9.6323 	EXP 	video_stim: autoDraw = True
29.0030 	WARNING 	t of last frame was 77.32ms (=1/12)
29.0030 	EXP 	video_stim: autoDraw = False
29.0030 	EXP 	resp_prompt: autoDraw = True
30.1497 	EXP 	Device response: <KeyPress from None: t=30.14667272400402, value=left, duration=None>
30.1873 	DATA 	Keypress: left
30.1928 	WARNING 	t of last frame was 44.34ms (=1/22)
30.3328 	EXP 	Device response: <KeyPress from None: t=30.14667272400402, value=left, duration=0.18396369800029788>
31.9327 	EXP 	resp_prompt: autoDraw = False
31.9327 	EXP 	fixation: autoDraw = True
35.6764 	EXP 	Device response: <KeyPress from None: t=35.665232028011815, value=escape, duration=None>
35.6780 	DATA 	Keypress: escape
35.8321 	EXP 	Device response: <KeyPress from None: t=35.665232028011815, value=escape, duration=0.1612569589924533>
35.8322 	EXP 	hcp_social-animation-fmri: status = STOPPED
35.8401 	EXP 	fixation: autoDraw = False
35.8402 	EXP 	hcp_social-animation-fmri: status = STOPPED
