16.0347 	WARNING 	Font Manager failed to load file /System/Library/PrivateFrameworks/FontServices.framework/Resources/Reserved/PingFangUI.ttc
16.1226 	WARNING 	Font Manager failed to load file /System/Library/PrivateFrameworks/FontServices.framework/Resources/Reserved/PingFangUI.ttc
22.8365 	EXP 	Created window1 = Window(allowGUI=False, allowStencil=False, autoLog=True, backendConf=UNKNOWN, backgroundFit=<method-wrapper '__getattribute__' of attributeSetter object at 0x135dbaef0>, backgroundImage=<method-wrapper '__getattribute__' of attributeSetter object at 0x135dbaf50>, bitsMode=UNKNOWN, blendMode='avg', bpc=(8, 8, 8), color=array([0, 0, 0]), colorSpace='rgb', depthBits=8, fullscr=True, gamma=None, gammaErrorPolicy='raise', infoMsg=UNKNOWN, lms=UNKNOWN, monitor=<psychopy.monitors.calibTools.Monitor object at 0x135f18250>, multiSample=False, name='window1', numSamples=2, pos=[np.float64(0.0), np.float64(0.0)], screen=0, size=array([1920, 1080]), stencilBits=0, stereo=False, title='PsychoPy', units='height', useFBO=True, useRetina=False, viewOri=0.0, viewPos=None, viewScale=None, waitBlanking=True, winType='pyglet')
22.8366 	EXP 	window1: backgroundImage = ''
22.8366 	EXP 	window1: backgroundFit = 'none'
23.1561 	EXP 	window1: Attempting to measure frame rate of screen (0) ...
23.1561 	EXP 	window1: recordFrameIntervals = False
23.3157 	EXP 	window1: recordFrameIntervals = True
24.1484 	WARNING 	Couldn't measure a consistent frame rate!
  - Is your graphics card set to sync to vertical blank?
  - Are you running other processes on your computer?

27.1322 	EXP 	hcp_social-animation-fmri: status = STARTED
27.2788 	EXP 	Created Intro = TextStim(__class__=<class 'psychopy.visual.text.TextStim'>, alignHoriz=method-wrapper(...), alignText='center', alignVert=method-wrapper(...), anchorHoriz='center', anchorVert='center', antialias=True, autoDraw=False, autoLog=True, bold=False, color=array([1., 1., 1.]), colorSpace='rgb', contrast=1.0, depth=0.0, draggable=False, flipHoriz=False, flipVert=False, font='Open Sans', fontFiles=[], height=np.float64(0.04), italic=False, languageStyle='LTR', name='Intro', opacity=1, ori=0.0, pos=array([0. , 0.1]), rgb=UNKNOWN, text=str(...), units='height', win=Window(...), wrapWidth=1)
27.2862 	EXP 	Created start_task_text = TextStim(__class__=<class 'psychopy.visual.text.TextStim'>, alignHoriz=method-wrapper(...), alignText='center', alignVert=method-wrapper(...), anchorHoriz='center', anchorVert='center', antialias=True, autoDraw=False, autoLog=True, bold=False, color=array([1., 1., 1.]), colorSpace='rgb', contrast=1.0, depth=-1.0, draggable=False, flipHoriz=False, flipVert=False, font='Arial', fontFiles=[], height=np.float64(0.04), italic=False, languageStyle='LTR', name='start_task_text', opacity=1, ori=0.0, pos=array([0., 0.]), rgb=UNKNOWN, text='Press space to start the task.', units='height', win=Window(...), wrapWidth=1)
27.2974 	WARNING 	Using `sdl2` for audio playback via `ffpyplayer`. This is not recommended for applications requiring precise audio-visual synchronization.
27.3065 	EXP 	Created resp_prompt = TextStim(__class__=<class 'psychopy.visual.text.TextStim'>, alignHoriz=method-wrapper(...), alignText='center', alignVert=method-wrapper(...), anchorHoriz='center', anchorVert='center', antialias=True, autoDraw=False, autoLog=True, bold=False, color=array([1., 1., 1.]), colorSpace='rgb', contrast=1.0, depth=0.0, draggable=False, flipHoriz=False, flipVert=False, font='Open Sans', fontFiles=[], height=np.float64(0.05), italic=False, languageStyle='LTR', name='resp_prompt', opacity=1, ori=0.0, pos=array([0., 0.]), rgb=UNKNOWN, text='Social         Unsure         Non-social', units='height', win=Window(...), wrapWidth=1)
27.3092 	EXP 	Created fixation = TextStim(__class__=<class 'psychopy.visual.text.TextStim'>, alignHoriz=method-wrapper(...), alignText='center', alignVert=method-wrapper(...), anchorHoriz='center', anchorVert='center', antialias=True, autoDraw=False, autoLog=True, bold=False, color=array([1., 1., 1.]), colorSpace='rgb', contrast=1.0, depth=0.0, draggable=False, flipHoriz=False, flipVert=False, font='Open Sans', fontFiles=[], height=np.float64(0.1), italic=False, languageStyle='LTR', name='fixation', opacity=1, ori=0.0, pos=array([0., 0.]), rgb=UNKNOWN, text='+', units='height', win=Window(...), wrapWidth=1)
27.3170 	EXP 	Created end_run_text = TextStim(__class__=<class 'psychopy.visual.text.TextStim'>, alignHoriz=method-wrapper(...), alignText='center', alignVert=method-wrapper(...), anchorHoriz='center', anchorVert='center', antialias=True, autoDraw=False, autoLog=True, bold=False, color=array([1., 1., 1.]), colorSpace='rgb', contrast=1.0, depth=0.0, draggable=False, flipHoriz=False, flipVert=False, font='Open Sans', fontFiles=[], height=np.float64(0.05), italic=False, languageStyle='LTR', name='end_run_text', opacity=1, ori=0.0, pos=array([0., 0.]), rgb=UNKNOWN, text=str(...), units='height', win=Window(...), wrapWidth=1)
27.3223 	EXP 	Created end_task_text = TextStim(__class__=<class 'psychopy.visual.text.TextStim'>, alignHoriz=method-wrapper(...), alignText='center', alignVert=method-wrapper(...), anchorHoriz='center', anchorVert='center', antialias=True, autoDraw=False, autoLog=True, bold=False, color=array([1., 1., 1.]), colorSpace='rgb', contrast=1.0, depth=0.0, draggable=False, flipHoriz=False, flipVert=False, font='Open Sans', fontFiles=[], height=np.float64(0.05), italic=False, languageStyle='LTR', name='end_task_text', opacity=1, ori=0.0, pos=array([0., 0.]), rgb=UNKNOWN, text=str(...), units='height', win=Window(...), wrapWidth=1)
0.0055 	EXP 	video_stim: autoLog = True
0.0205 	EXP 	Intro: autoDraw = True
0.0205 	EXP 	start_task_text: autoDraw = True
9.6644 	EXP 	Device response: <KeyPress from None: t=9.646769289000076, value=escape, duration=None>
9.6845 	DATA 	Keypress: escape
9.6902 	WARNING 	t of last frame was 38.10ms (=1/26)
9.7367 	EXP 	Device response: <KeyPress from None: t=9.646769289000076, value=escape, duration=0.0881397330085747>
9.7369 	EXP 	hcp_social-animation-fmri: status = STOPPED
9.7422 	EXP 	Intro: autoDraw = False
9.7422 	EXP 	start_task_text: autoDraw = False
9.7423 	EXP 	hcp_social-animation-fmri: status = STOPPED
