16.0554 	WARNING 	Font Manager failed to load file /System/Library/PrivateFrameworks/FontServices.framework/Resources/Reserved/PingFangUI.ttc
16.2225 	WARNING 	Font Manager failed to load file /System/Library/PrivateFrameworks/FontServices.framework/Resources/Reserved/PingFangUI.ttc
20.9529 	EXP 	Created window1 = Window(allowGUI=False, allowStencil=False, autoLog=True, backendConf=UNKNOWN, backgroundFit=<method-wrapper '__getattribute__' of attributeSetter object at 0x1353a3040>, backgroundImage=<method-wrapper '__getattribute__' of attributeSetter object at 0x1353a30a0>, bitsMode=UNKNOWN, blendMode='avg', bpc=(8, 8, 8), color=array([0, 0, 0]), colorSpace='rgb', depthBits=8, fullscr=True, gamma=None, gammaErrorPolicy='raise', infoMsg=UNKNOWN, lms=UNKNOWN, monitor=<psychopy.monitors.calibTools.Monitor object at 0x1352b4640>, multiSample=False, name='window1', numSamples=2, pos=[np.float64(0.0), np.float64(0.0)], screen=0, size=array([1920, 1080]), stencilBits=0, stereo=False, title='PsychoPy', units='height', useFBO=True, useRetina=False, viewOri=0.0, viewPos=None, viewScale=None, waitBlanking=True, winType='pyglet')
20.9529 	EXP 	window1: backgroundImage = ''
20.9529 	EXP 	window1: backgroundFit = 'none'
21.2834 	EXP 	window1: Attempting to measure frame rate of screen (0) ...
21.2834 	EXP 	window1: recordFrameIntervals = False
21.4655 	EXP 	window1: recordFrameIntervals = True
22.2979 	WARNING 	Couldn't measure a consistent frame rate!
  - Is your graphics card set to sync to vertical blank?
  - Are you running other processes on your computer?

25.2818 	EXP 	social-animation: status = STARTED
25.5216 	EXP 	Created Intro = TextStim(__class__=<class 'psychopy.visual.text.TextStim'>, alignHoriz=method-wrapper(...), alignText='center', alignVert=method-wrapper(...), anchorHoriz='center', anchorVert='center', antialias=True, autoDraw=False, autoLog=True, bold=False, color=array([1., 1., 1.]), colorSpace='rgb', contrast=1.0, depth=-1.0, draggable=False, flipHoriz=False, flipVert=False, font='Open Sans', fontFiles=[], height=np.float64(0.04), italic=False, languageStyle='LTR', name='Intro', opacity=1, ori=0.0, pos=array([0. , 0.1]), rgb=UNKNOWN, text=str(...), units='height', win=Window(...), wrapWidth=1)
25.5302 	EXP 	Created start_task_text = TextStim(__class__=<class 'psychopy.visual.text.TextStim'>, alignHoriz=method-wrapper(...), alignText='center', alignVert=method-wrapper(...), anchorHoriz='center', anchorVert='center', antialias=True, autoDraw=False, autoLog=True, bold=False, color=array([1., 1., 1.]), colorSpace='rgb', contrast=1.0, depth=-2.0, draggable=False, flipHoriz=False, flipVert=False, font='Arial', fontFiles=[], height=np.float64(0.04), italic=False, languageStyle='LTR', name='start_task_text', opacity=1, ori=0.0, pos=array([ 0. , -0.2]), rgb=UNKNOWN, text='Press space to start the task.', units='height', win=Window(...), wrapWidth=1)
25.5410 	WARNING 	Using `sdl2` for audio playback via `ffpyplayer`. This is not recommended for applications requiring precise audio-visual synchronization.
25.5508 	EXP 	Created resp_prompt = TextStim(__class__=<class 'psychopy.visual.text.TextStim'>, alignHoriz=method-wrapper(...), alignText='center', alignVert=method-wrapper(...), anchorHoriz='center', anchorVert='center', antialias=True, autoDraw=False, autoLog=True, bold=False, color=array([1., 1., 1.]), colorSpace='rgb', contrast=1.0, depth=0.0, draggable=False, flipHoriz=False, flipVert=False, font='Open Sans', fontFiles=[], height=np.float64(0.05), italic=False, languageStyle='LTR', name='resp_prompt', opacity=1, ori=0.0, pos=array([0., 0.]), rgb=UNKNOWN, text='Social         Unsure         No Interaction', units='height', win=Window(...), wrapWidth=1)
25.5536 	EXP 	Created fixation = TextStim(__class__=<class 'psychopy.visual.text.TextStim'>, alignHoriz=method-wrapper(...), alignText='center', alignVert=method-wrapper(...), anchorHoriz='center', anchorVert='center', antialias=True, autoDraw=False, autoLog=True, bold=False, color=array([1., 1., 1.]), colorSpace='rgb', contrast=1.0, depth=0.0, draggable=False, flipHoriz=False, flipVert=False, font='Open Sans', fontFiles=[], height=np.float64(0.1), italic=False, languageStyle='LTR', name='fixation', opacity=1, ori=0.0, pos=array([0., 0.]), rgb=UNKNOWN, text='+', units='height', win=Window(...), wrapWidth=1)
25.5618 	EXP 	Created end_task_text = TextStim(__class__=<class 'psychopy.visual.text.TextStim'>, alignHoriz=method-wrapper(...), alignText='center', alignVert=method-wrapper(...), anchorHoriz='center', anchorVert='center', antialias=True, autoDraw=False, autoLog=True, bold=False, color=array([1., 1., 1.]), colorSpace='rgb', contrast=1.0, depth=0.0, draggable=False, flipHoriz=False, flipVert=False, font='Open Sans', fontFiles=[], height=np.float64(0.05), italic=False, languageStyle='LTR', name='end_task_text', opacity=1, ori=0.0, pos=array([0., 0.]), rgb=UNKNOWN, text=str(...), units='height', win=Window(...), wrapWidth=1)
0.0064 	EXP 	video_stim: autoLog = True
0.0192 	EXP 	Intro: autoDraw = True
7.4949 	EXP 	start_task_text: autoDraw = True
7.8425 	EXP 	Device response: <KeyPress from None: t=7.826816337998025, value=space, duration=None>
7.8478 	EXP 	Imported ../stimuli/run_files.csv as conditions, 2 conditions, 2 params
7.8480 	EXP 	New trial (rep=0, index=0): <Trial 0 (0 in rep 0) data={'runs': np.int64(2), 'file': '../stimuli/run2.csv', 'thisN': 0, 'thisTrialN': 0, 'thisRepN': 0}>
7.8520 	EXP 	Imported ../stimuli/run2.csv as conditions, 5 conditions, 2 params
7.8522 	EXP 	New trial (rep=0, index=0): <Trial 0 (0 in rep 0) data={'stimuli': '../stimuli/TENNIS-A.AVI', 'category': 'nonsocial', 'thisN': 0, 'thisTrialN': 0, 'thisRepN': 0}>
8.3123 	EXP 	Device response: <KeyPress from None: t=7.826816337998025, value=space, duration=0.12560301498160698>
8.3210 	DATA 	Keypress: space
8.3267 	WARNING 	t of last frame was 498.92ms (=1/2)
8.3267 	EXP 	Intro: autoDraw = False
8.3267 	EXP 	start_task_text: autoDraw = False
8.3267 	EXP 	video_stim: autoDraw = True
27.9349 	WARNING 	t of last frame was 87.08ms (=1/11)
27.9349 	EXP 	video_stim: autoDraw = False
27.9349 	EXP 	resp_prompt: autoDraw = True
29.8599 	EXP 	Device response: <KeyPress from None: t=29.849265997996554, value=right, duration=None>
29.9776 	DATA 	Keypress: right
29.9839 	WARNING 	t of last frame was 125.23ms (=1/7)
29.9839 	EXP 	resp_prompt: autoDraw = False
29.9839 	EXP 	fixation: autoDraw = True
29.9854 	EXP 	Device response: <KeyPress from None: t=29.849265997996554, value=right, duration=0.06358827897929586>
34.8642 	EXP 	New trial (rep=0, index=1): <Trial 1 (1 in rep 0) data={'stimuli': '../stimuli/SURPRISING-A.AVI', 'category': 'social', 'thisN': 1, 'thisTrialN': 1, 'thisRepN': 0}>
34.9545 	WARNING 	t of last frame was 90.56ms (=1/11)
34.9545 	EXP 	fixation: autoDraw = False
34.9545 	EXP 	video_stim: autoDraw = True
39.7733 	WARNING 	Multiple dropped frames have occurred - I'll stop bothering you about them!
54.9436 	EXP 	video_stim: autoDraw = False
54.9436 	EXP 	resp_prompt: autoDraw = True
58.3402 	EXP 	Device response: <KeyPress from None: t=58.33859152998775, value=left, duration=None>
58.3421 	DATA 	Keypress: left
58.3473 	EXP 	resp_prompt: autoDraw = False
58.3473 	EXP 	fixation: autoDraw = True
58.5232 	EXP 	Device response: <KeyPress from None: t=58.33859152998775, value=left, duration=0.17421999399084598>
63.3389 	EXP 	New trial (rep=0, index=2): <Trial 2 (2 in rep 0) data={'stimuli': '../stimuli/SharingIcecream.AVI', 'category': 'social', 'thisN': 2, 'thisTrialN': 2, 'thisRepN': 0}>
63.4181 	EXP 	fixation: autoDraw = False
63.4181 	EXP 	fixation: autoDraw = False
63.4181 	EXP 	video_stim: autoDraw = True
83.4167 	EXP 	video_stim: autoDraw = False
83.4167 	EXP 	resp_prompt: autoDraw = True
85.7266 	EXP 	Device response: <KeyPress from None: t=85.72127949097194, value=left, duration=None>
85.7305 	DATA 	Keypress: left
85.7354 	EXP 	resp_prompt: autoDraw = False
85.7354 	EXP 	fixation: autoDraw = True
85.8371 	EXP 	Device response: <KeyPress from None: t=85.72127949097194, value=left, duration=0.11363873301888816>
90.7192 	EXP 	New trial (rep=0, index=3): <Trial 3 (3 in rep 0) data={'stimuli': '../stimuli/STAR-A.AVI', 'category': 'nonsocial', 'thisN': 3, 'thisTrialN': 3, 'thisRepN': 0}>
90.8051 	EXP 	fixation: autoDraw = False
90.8051 	EXP 	fixation: autoDraw = False
90.8051 	EXP 	video_stim: autoDraw = True
105.8199 	DATA 	Keypress: escape
105.8260 	EXP 	Device response: <KeyPress from None: t=105.81851862699841, value=escape, duration=None>
105.9420 	EXP 	Device response: <KeyPress from None: t=105.81851862699841, value=escape, duration=0.11817489197710529>
105.9420 	EXP 	social-animation: status = STOPPED
105.9503 	EXP 	video_stim: autoDraw = False
105.9503 	EXP 	social-animation: status = STOPPED
