16.7513 	WARNING 	Font Manager failed to load file /System/Library/PrivateFrameworks/FontServices.framework/Resources/Reserved/PingFangUI.ttc
16.8917 	WARNING 	Font Manager failed to load file /System/Library/PrivateFrameworks/FontServices.framework/Resources/Reserved/PingFangUI.ttc
32.8523 	EXP 	Created window1 = Window(allowGUI=False, allowStencil=False, autoLog=True, backendConf=UNKNOWN, backgroundFit=<method-wrapper '__getattribute__' of attributeSetter object at 0x13c43b8b0>, backgroundImage=<method-wrapper '__getattribute__' of attributeSetter object at 0x13c43b910>, bitsMode=UNKNOWN, blendMode='avg', bpc=(8, 8, 8), color=array([0, 0, 0]), colorSpace='rgb', depthBits=8, fullscr=True, gamma=None, gammaErrorPolicy='raise', infoMsg=UNKNOWN, lms=UNKNOWN, monitor=<psychopy.monitors.calibTools.Monitor object at 0x13c5e5570>, multiSample=False, name='window1', numSamples=2, pos=[np.float64(0.0), np.float64(0.0)], screen=0, size=array([1920, 1080]), stencilBits=0, stereo=False, title='PsychoPy', units='height', useFBO=True, useRetina=False, viewOri=0.0, viewPos=None, viewScale=None, waitBlanking=True, winType='pyglet')
32.8524 	EXP 	window1: backgroundImage = ''
32.8524 	EXP 	window1: backgroundFit = 'none'
33.1757 	EXP 	window1: Attempting to measure frame rate of screen (0) ...
33.1758 	EXP 	window1: recordFrameIntervals = False
33.3579 	EXP 	window1: recordFrameIntervals = True
34.1579 	EXP 	Screen (0) actual frame rate measured at 118.91Hz
34.1579 	EXP 	window1: recordFrameIntervals = False
37.1569 	EXP 	social-animation: status = STARTED
37.3416 	EXP 	Created Intro = TextStim(__class__=<class 'psychopy.visual.text.TextStim'>, alignHoriz=method-wrapper(...), alignText='center', alignVert=method-wrapper(...), anchorHoriz='center', anchorVert='center', antialias=True, autoDraw=False, autoLog=True, bold=False, color=array([1., 1., 1.]), colorSpace='rgb', contrast=1.0, depth=-1.0, draggable=False, flipHoriz=False, flipVert=False, font='Open Sans', fontFiles=[], height=np.float64(0.04), italic=False, languageStyle='LTR', name='Intro', opacity=1, ori=0.0, pos=array([0. , 0.1]), rgb=UNKNOWN, text=str(...), units='height', win=Window(...), wrapWidth=1)
37.3490 	EXP 	Created start_task_text = TextStim(__class__=<class 'psychopy.visual.text.TextStim'>, alignHoriz=method-wrapper(...), alignText='center', alignVert=method-wrapper(...), anchorHoriz='center', anchorVert='center', antialias=True, autoDraw=False, autoLog=True, bold=False, color=array([1., 1., 1.]), colorSpace='rgb', contrast=1.0, depth=-2.0, draggable=False, flipHoriz=False, flipVert=False, font='Arial', fontFiles=[], height=np.float64(0.04), italic=False, languageStyle='LTR', name='start_task_text', opacity=1, ori=0.0, pos=array([ 0. , -0.2]), rgb=UNKNOWN, text='Press space to start the task.', units='height', win=Window(...), wrapWidth=1)
37.3593 	WARNING 	Using `sdl2` for audio playback via `ffpyplayer`. This is not recommended for applications requiring precise audio-visual synchronization.
37.3690 	EXP 	Created resp_prompt = TextStim(__class__=<class 'psychopy.visual.text.TextStim'>, alignHoriz=method-wrapper(...), alignText='center', alignVert=method-wrapper(...), anchorHoriz='center', anchorVert='center', antialias=True, autoDraw=False, autoLog=True, bold=False, color=array([1., 1., 1.]), colorSpace='rgb', contrast=1.0, depth=0.0, draggable=False, flipHoriz=False, flipVert=False, font='Open Sans', fontFiles=[], height=np.float64(0.05), italic=False, languageStyle='LTR', name='resp_prompt', opacity=1, ori=0.0, pos=array([0., 0.]), rgb=UNKNOWN, text='Social         Unsure         Non-social', units='height', win=Window(...), wrapWidth=1)
37.3717 	EXP 	Created fixation = TextStim(__class__=<class 'psychopy.visual.text.TextStim'>, alignHoriz=method-wrapper(...), alignText='center', alignVert=method-wrapper(...), anchorHoriz='center', anchorVert='center', antialias=True, autoDraw=False, autoLog=True, bold=False, color=array([1., 1., 1.]), colorSpace='rgb', contrast=1.0, depth=0.0, draggable=False, flipHoriz=False, flipVert=False, font='Open Sans', fontFiles=[], height=np.float64(0.1), italic=False, languageStyle='LTR', name='fixation', opacity=1, ori=0.0, pos=array([0., 0.]), rgb=UNKNOWN, text='+', units='height', win=Window(...), wrapWidth=1)
37.3803 	EXP 	Created end_task_text = TextStim(__class__=<class 'psychopy.visual.text.TextStim'>, alignHoriz=method-wrapper(...), alignText='center', alignVert=method-wrapper(...), anchorHoriz='center', anchorVert='center', antialias=True, autoDraw=False, autoLog=True, bold=False, color=array([1., 1., 1.]), colorSpace='rgb', contrast=1.0, depth=0.0, draggable=False, flipHoriz=False, flipVert=False, font='Open Sans', fontFiles=[], height=np.float64(0.05), italic=False, languageStyle='LTR', name='end_task_text', opacity=1, ori=0.0, pos=array([0., 0.]), rgb=UNKNOWN, text=str(...), units='height', win=Window(...), wrapWidth=1)
0.0055 	EXP 	video_stim: autoLog = True
0.0190 	EXP 	Intro: autoDraw = True
7.4993 	EXP 	start_task_text: autoDraw = True
9.1761 	EXP 	Device response: <KeyPress from None: t=9.15846452799451, value=space, duration=None>
9.1806 	EXP 	Imported ../stimuli/stimuli_order_all.csv as conditions, 10 conditions, 2 params
9.1809 	EXP 	New trial (rep=0, index=0): <Trial 0 (0 in rep 0) data={'stimuli': '../stimuli/RANDOM MECHANICAL.AVI', 'category': 'social', 'thisN': 0, 'thisTrialN': 0, 'thisRepN': 0}>
9.6407 	EXP 	Device response: <KeyPress from None: t=9.15846452799451, value=space, duration=0.09374175500124693>
9.6500 	DATA 	Keypress: space
9.6561 	EXP 	Intro: autoDraw = False
9.6561 	EXP 	start_task_text: autoDraw = False
9.6561 	EXP 	video_stim: autoDraw = True
29.2522 	EXP 	video_stim: autoDraw = False
29.2522 	EXP 	resp_prompt: autoDraw = True
30.7918 	EXP 	Device response: <KeyPress from None: t=30.790506163000828, value=right, duration=None>
30.8302 	DATA 	Keypress: right
30.8355 	EXP 	resp_prompt: autoDraw = False
30.8355 	EXP 	fixation: autoDraw = True
30.8910 	EXP 	Device response: <KeyPress from None: t=30.790506163000828, value=right, duration=0.09462091699242592>
35.7951 	EXP 	New trial (rep=0, index=1): <Trial 1 (1 in rep 0) data={'stimuli': '../stimuli/SURPRISING-B.AVI', 'category': 'social', 'thisN': 1, 'thisTrialN': 1, 'thisRepN': 0}>
35.8780 	EXP 	fixation: autoDraw = False
35.8780 	EXP 	video_stim: autoDraw = True
55.8705 	EXP 	video_stim: autoDraw = False
55.8705 	EXP 	resp_prompt: autoDraw = True
57.3614 	EXP 	Device response: <KeyPress from None: t=57.359789743000874, value=left, duration=None>
57.3631 	DATA 	Keypress: left
57.3683 	EXP 	resp_prompt: autoDraw = False
57.3683 	EXP 	fixation: autoDraw = True
57.4374 	EXP 	Device response: <KeyPress from None: t=57.359789743000874, value=left, duration=0.0704090959916357>
62.3537 	EXP 	New trial (rep=0, index=2): <Trial 2 (2 in rep 0) data={'stimuli': '../stimuli/DRIFTING-A.AVI', 'category': 'nonsocial', 'thisN': 2, 'thisTrialN': 2, 'thisRepN': 0}>
62.4177 	EXP 	fixation: autoDraw = False
62.4177 	EXP 	fixation: autoDraw = False
62.4177 	EXP 	video_stim: autoDraw = True
81.9458 	EXP 	video_stim: autoDraw = False
82.3563 	EXP 	resp_prompt: autoDraw = True
83.5910 	EXP 	Device response: <KeyPress from None: t=83.58943783899304, value=down, duration=None>
83.5927 	DATA 	Keypress: down
83.6003 	EXP 	resp_prompt: autoDraw = False
83.6003 	EXP 	fixation: autoDraw = True
83.6747 	EXP 	Device response: <KeyPress from None: t=83.58943783899304, value=down, duration=0.07928947699838318>
88.5840 	EXP 	New trial (rep=0, index=3): <Trial 3 (3 in rep 0) data={'stimuli': '../stimuli/TENNIS-A.AVI', 'category': 'nonsocial', 'thisN': 3, 'thisTrialN': 3, 'thisRepN': 0}>
88.6709 	EXP 	fixation: autoDraw = False
88.6709 	EXP 	fixation: autoDraw = False
88.6709 	EXP 	video_stim: autoDraw = True
89.7360 	DATA 	Keypress: escape
89.7424 	EXP 	Device response: <KeyPress from None: t=89.73444501998893, value=escape, duration=None>
89.8174 	EXP 	Device response: <KeyPress from None: t=89.73444501998893, value=escape, duration=0.07848897400253918>
89.8175 	EXP 	social-animation: status = STOPPED
89.8225 	EXP 	video_stim: autoDraw = False
89.8226 	EXP 	social-animation: status = STOPPED
