16.6814 	WARNING 	Font Manager failed to load file /System/Library/PrivateFrameworks/FontServices.framework/Resources/Reserved/PingFangUI.ttc
16.8485 	WARNING 	Font Manager failed to load file /System/Library/PrivateFrameworks/FontServices.framework/Resources/Reserved/PingFangUI.ttc
38.9083 	EXP 	Created window1 = Window(allowGUI=False, allowStencil=False, autoLog=True, backendConf=UNKNOWN, backgroundFit=<method-wrapper '__getattribute__' of attributeSetter object at 0x131c488b0>, backgroundImage=<method-wrapper '__getattribute__' of attributeSetter object at 0x131c48850>, bitsMode=UNKNOWN, blendMode='avg', bpc=(8, 8, 8), color=array([0, 0, 0]), colorSpace='rgb', depthBits=8, fullscr=True, gamma=None, gammaErrorPolicy='raise', infoMsg=UNKNOWN, lms=UNKNOWN, monitor=<psychopy.monitors.calibTools.Monitor object at 0x1319e9750>, multiSample=False, name='window1', numSamples=2, pos=[np.float64(0.0), np.float64(0.0)], screen=0, size=array([1920, 1080]), stencilBits=0, stereo=False, title='PsychoPy', units='height', useFBO=True, useRetina=False, viewOri=0.0, viewPos=None, viewScale=None, waitBlanking=True, winType='pyglet')
38.9084 	EXP 	window1: backgroundImage = ''
38.9084 	EXP 	window1: backgroundFit = 'none'
39.2364 	EXP 	window1: Attempting to measure frame rate of screen (0) ...
39.2364 	EXP 	window1: recordFrameIntervals = False
39.4247 	EXP 	window1: recordFrameIntervals = True
40.2577 	WARNING 	Couldn't measure a consistent frame rate!
  - Is your graphics card set to sync to vertical blank?
  - Are you running other processes on your computer?

43.2420 	EXP 	social-animation: status = STARTED
43.4226 	EXP 	Created Intro = TextStim(__class__=<class 'psychopy.visual.text.TextStim'>, alignHoriz=method-wrapper(...), alignText='center', alignVert=method-wrapper(...), anchorHoriz='center', anchorVert='center', antialias=True, autoDraw=False, autoLog=True, bold=False, color=array([1., 1., 1.]), colorSpace='rgb', contrast=1.0, depth=-1.0, draggable=False, flipHoriz=False, flipVert=False, font='Open Sans', fontFiles=[], height=np.float64(0.04), italic=False, languageStyle='LTR', name='Intro', opacity=1, ori=0.0, pos=array([0. , 0.1]), rgb=UNKNOWN, text=str(...), units='height', win=Window(...), wrapWidth=1)
43.4316 	EXP 	Created start_task_text = TextStim(__class__=<class 'psychopy.visual.text.TextStim'>, alignHoriz=method-wrapper(...), alignText='center', alignVert=method-wrapper(...), anchorHoriz='center', anchorVert='center', antialias=True, autoDraw=False, autoLog=True, bold=False, color=array([1., 1., 1.]), colorSpace='rgb', contrast=1.0, depth=-2.0, draggable=False, flipHoriz=False, flipVert=False, font='Arial', fontFiles=[], height=np.float64(0.04), italic=False, languageStyle='LTR', name='start_task_text', opacity=1, ori=0.0, pos=array([ 0. , -0.2]), rgb=UNKNOWN, text='Press space to start the task.', units='height', win=Window(...), wrapWidth=1)
43.4417 	WARNING 	Using `sdl2` for audio playback via `ffpyplayer`. This is not recommended for applications requiring precise audio-visual synchronization.
43.4511 	EXP 	Created resp_prompt = TextStim(__class__=<class 'psychopy.visual.text.TextStim'>, alignHoriz=method-wrapper(...), alignText='center', alignVert=method-wrapper(...), anchorHoriz='center', anchorVert='center', antialias=True, autoDraw=False, autoLog=True, bold=False, color=array([1., 1., 1.]), colorSpace='rgb', contrast=1.0, depth=0.0, draggable=False, flipHoriz=False, flipVert=False, font='Open Sans', fontFiles=[], height=np.float64(0.05), italic=False, languageStyle='LTR', name='resp_prompt', opacity=1, ori=0.0, pos=array([0., 0.]), rgb=UNKNOWN, text='Social         Unsure         Non-social', units='height', win=Window(...), wrapWidth=1)
43.4537 	EXP 	Created fixation = TextStim(__class__=<class 'psychopy.visual.text.TextStim'>, alignHoriz=method-wrapper(...), alignText='center', alignVert=method-wrapper(...), anchorHoriz='center', anchorVert='center', antialias=True, autoDraw=False, autoLog=True, bold=False, color=array([1., 1., 1.]), colorSpace='rgb', contrast=1.0, depth=0.0, draggable=False, flipHoriz=False, flipVert=False, font='Open Sans', fontFiles=[], height=np.float64(0.1), italic=False, languageStyle='LTR', name='fixation', opacity=1, ori=0.0, pos=array([0., 0.]), rgb=UNKNOWN, text='+', units='height', win=Window(...), wrapWidth=1)
43.4620 	EXP 	Created end_task_text = TextStim(__class__=<class 'psychopy.visual.text.TextStim'>, alignHoriz=method-wrapper(...), alignText='center', alignVert=method-wrapper(...), anchorHoriz='center', anchorVert='center', antialias=True, autoDraw=False, autoLog=True, bold=False, color=array([1., 1., 1.]), colorSpace='rgb', contrast=1.0, depth=0.0, draggable=False, flipHoriz=False, flipVert=False, font='Open Sans', fontFiles=[], height=np.float64(0.05), italic=False, languageStyle='LTR', name='end_task_text', opacity=1, ori=0.0, pos=array([0., 0.]), rgb=UNKNOWN, text=str(...), units='height', win=Window(...), wrapWidth=1)
0.0057 	EXP 	video_stim: autoLog = True
0.0184 	EXP 	Intro: autoDraw = True
7.4931 	EXP 	start_task_text: autoDraw = True
12.5890 	EXP 	Device response: <KeyPress from None: t=12.567752349001239, value=space, duration=None>
12.5940 	EXP 	Imported ../stimuli/stimuli_order_all.csv as conditions, 10 conditions, 3 params
12.5962 	EXP 	New trial (rep=0, index=0): <Trial 0 (0 in rep 0) data={'run': np.int64(1), 'stimuli': '../stimuli/FISHING.AVI', 'category': 'nonsocial', 'thisN': 0, 'thisTrialN': 0, 'thisRepN': 0}>
13.0383 	EXP 	Device response: <KeyPress from None: t=12.567752349001239, value=space, duration=0.09308087200042792>
13.0473 	DATA 	Keypress: space
13.0528 	WARNING 	t of last frame was 485.32ms (=1/2)
13.0528 	EXP 	Intro: autoDraw = False
13.0528 	EXP 	start_task_text: autoDraw = False
13.0528 	EXP 	video_stim: autoDraw = True
13.1258 	WARNING 	t of last frame was 21.52ms (=1/46)
16.5470 	WARNING 	t of last frame was 44.11ms (=1/22)
32.6688 	WARNING 	t of last frame was 77.00ms (=1/12)
32.6688 	EXP 	video_stim: autoDraw = False
32.6688 	EXP 	resp_prompt: autoDraw = True
37.3990 	EXP 	Device response: <KeyPress from None: t=37.398134749993915, value=left, duration=None>
37.4566 	DATA 	Keypress: left
37.4623 	WARNING 	Multiple dropped frames have occurred - I'll stop bothering you about them!
37.4631 	EXP 	Device response: <KeyPress from None: t=37.398134749993915, value=left, duration=0.06364434999704827>
37.5982 	EXP 	resp_prompt: autoDraw = False
37.5982 	EXP 	fixation: autoDraw = True
42.5910 	EXP 	New trial (rep=0, index=1): <Trial 1 (1 in rep 0) data={'run': np.int64(1), 'stimuli': '../stimuli/DRIFTING-A.AVI', 'category': 'nonsocial', 'thisN': 1, 'thisTrialN': 1, 'thisRepN': 0}>
42.6830 	EXP 	fixation: autoDraw = False
42.6830 	EXP 	video_stim: autoDraw = True
62.2080 	EXP 	video_stim: autoDraw = False
62.5774 	EXP 	resp_prompt: autoDraw = True
67.5712 	EXP 	resp_prompt: autoDraw = False
67.5712 	EXP 	resp_prompt: autoDraw = False
67.5879 	EXP 	fixation: autoDraw = True
72.5714 	EXP 	New trial (rep=0, index=2): <Trial 2 (2 in rep 0) data={'run': np.int64(2), 'stimuli': '../stimuli/SURPRISING-B.AVI', 'category': 'social', 'thisN': 2, 'thisTrialN': 2, 'thisRepN': 0}>
72.6571 	EXP 	fixation: autoDraw = False
72.6571 	EXP 	fixation: autoDraw = False
72.6571 	EXP 	video_stim: autoDraw = True
92.6784 	EXP 	video_stim: autoDraw = False
92.6784 	EXP 	resp_prompt: autoDraw = True
94.0253 	EXP 	Device response: <KeyPress from None: t=94.02354071899026, value=left, duration=None>
94.0287 	DATA 	Keypress: left
94.0338 	EXP 	resp_prompt: autoDraw = False
94.0338 	EXP 	fixation: autoDraw = True
94.1858 	EXP 	Device response: <KeyPress from None: t=94.02354071899026, value=left, duration=0.15108965401304886>
99.0181 	EXP 	New trial (rep=0, index=3): <Trial 3 (3 in rep 0) data={'run': np.int64(2), 'stimuli': '../stimuli/SCARING.AVI', 'category': 'social', 'thisN': 3, 'thisTrialN': 3, 'thisRepN': 0}>
99.1012 	EXP 	fixation: autoDraw = False
99.1012 	EXP 	fixation: autoDraw = False
99.1012 	EXP 	video_stim: autoDraw = True
118.0732 	EXP 	Device response: <KeyPress from None: t=118.07084795700212, value=escape, duration=None>
118.0748 	DATA 	Keypress: escape
118.2162 	EXP 	Device response: <KeyPress from None: t=118.07084795700212, value=escape, duration=0.13614090898772702>
118.2163 	EXP 	social-animation: status = STOPPED
118.2217 	EXP 	video_stim: autoDraw = False
118.2218 	EXP 	social-animation: status = STOPPED
