18.9569 	WARNING 	Font Manager failed to load file /System/Library/PrivateFrameworks/FontServices.framework/Resources/Reserved/PingFangUI.ttc
19.0654 	WARNING 	Font Manager failed to load file /System/Library/PrivateFrameworks/FontServices.framework/Resources/Reserved/PingFangUI.ttc
41.9749 	EXP 	Created window1 = Window(allowGUI=False, allowStencil=False, autoLog=True, backendConf=UNKNOWN, backgroundFit=<method-wrapper '__getattribute__' of attributeSetter object at 0x13fb77640>, backgroundImage=<method-wrapper '__getattribute__' of attributeSetter object at 0x13fb776a0>, bitsMode=UNKNOWN, blendMode='avg', bpc=(8, 8, 8), color=array([0, 0, 0]), colorSpace='rgb', depthBits=8, fullscr=True, gamma=None, gammaErrorPolicy='raise', infoMsg=UNKNOWN, lms=UNKNOWN, monitor=<psychopy.monitors.calibTools.Monitor object at 0x13fa31210>, multiSample=False, name='window1', numSamples=2, pos=[np.float64(0.0), np.float64(0.0)], screen=0, size=array([1920, 1080]), stencilBits=0, stereo=False, title='PsychoPy', units='height', useFBO=True, useRetina=False, viewOri=0.0, viewPos=None, viewScale=None, waitBlanking=True, winType='pyglet')
41.9750 	EXP 	window1: backgroundImage = ''
41.9750 	EXP 	window1: backgroundFit = 'none'
42.3161 	EXP 	window1: Attempting to measure frame rate of screen (0) ...
42.3161 	EXP 	window1: recordFrameIntervals = False
42.6409 	EXP 	window1: recordFrameIntervals = True
43.4754 	WARNING 	Couldn't measure a consistent frame rate!
  - Is your graphics card set to sync to vertical blank?
  - Are you running other processes on your computer?

46.4910 	EXP 	social-animation: status = STARTED
46.6801 	EXP 	Created Intro = TextStim(__class__=<class 'psychopy.visual.text.TextStim'>, alignHoriz=method-wrapper(...), alignText='center', alignVert=method-wrapper(...), anchorHoriz='center', anchorVert='center', antialias=True, autoDraw=False, autoLog=True, bold=False, color=array([1., 1., 1.]), colorSpace='rgb', contrast=1.0, depth=-1.0, draggable=False, flipHoriz=False, flipVert=False, font='Open Sans', fontFiles=[], height=np.float64(0.04), italic=False, languageStyle='LTR', name='Intro', opacity=1, ori=0.0, pos=array([0. , 0.1]), rgb=UNKNOWN, text=str(...), units='height', win=Window(...), wrapWidth=1)
46.6896 	EXP 	Created start_task_text = TextStim(__class__=<class 'psychopy.visual.text.TextStim'>, alignHoriz=method-wrapper(...), alignText='center', alignVert=method-wrapper(...), anchorHoriz='center', anchorVert='center', antialias=True, autoDraw=False, autoLog=True, bold=False, color=array([1., 1., 1.]), colorSpace='rgb', contrast=1.0, depth=-2.0, draggable=False, flipHoriz=False, flipVert=False, font='Arial', fontFiles=[], height=np.float64(0.04), italic=False, languageStyle='LTR', name='start_task_text', opacity=1, ori=0.0, pos=array([ 0. , -0.2]), rgb=UNKNOWN, text='Press space to start the task.', units='height', win=Window(...), wrapWidth=1)
46.6996 	WARNING 	Using `sdl2` for audio playback via `ffpyplayer`. This is not recommended for applications requiring precise audio-visual synchronization.
46.7093 	EXP 	Created resp_prompt = TextStim(__class__=<class 'psychopy.visual.text.TextStim'>, alignHoriz=method-wrapper(...), alignText='center', alignVert=method-wrapper(...), anchorHoriz='center', anchorVert='center', antialias=True, autoDraw=False, autoLog=True, bold=False, color=array([1., 1., 1.]), colorSpace='rgb', contrast=1.0, depth=0.0, draggable=False, flipHoriz=False, flipVert=False, font='Open Sans', fontFiles=[], height=np.float64(0.05), italic=False, languageStyle='LTR', name='resp_prompt', opacity=1, ori=0.0, pos=array([0., 0.]), rgb=UNKNOWN, text='Social         Unsure         Non-social', units='height', win=Window(...), wrapWidth=1)
46.7120 	EXP 	Created fixation = TextStim(__class__=<class 'psychopy.visual.text.TextStim'>, alignHoriz=method-wrapper(...), alignText='center', alignVert=method-wrapper(...), anchorHoriz='center', anchorVert='center', antialias=True, autoDraw=False, autoLog=True, bold=False, color=array([1., 1., 1.]), colorSpace='rgb', contrast=1.0, depth=0.0, draggable=False, flipHoriz=False, flipVert=False, font='Open Sans', fontFiles=[], height=np.float64(0.1), italic=False, languageStyle='LTR', name='fixation', opacity=1, ori=0.0, pos=array([0., 0.]), rgb=UNKNOWN, text='+', units='height', win=Window(...), wrapWidth=1)
46.7207 	EXP 	Created end_task_text = TextStim(__class__=<class 'psychopy.visual.text.TextStim'>, alignHoriz=method-wrapper(...), alignText='center', alignVert=method-wrapper(...), anchorHoriz='center', anchorVert='center', antialias=True, autoDraw=False, autoLog=True, bold=False, color=array([1., 1., 1.]), colorSpace='rgb', contrast=1.0, depth=0.0, draggable=False, flipHoriz=False, flipVert=False, font='Open Sans', fontFiles=[], height=np.float64(0.05), italic=False, languageStyle='LTR', name='end_task_text', opacity=1, ori=0.0, pos=array([0., 0.]), rgb=UNKNOWN, text=str(...), units='height', win=Window(...), wrapWidth=1)
0.0056 	EXP 	video_stim: autoLog = True
0.0172 	EXP 	Intro: autoDraw = True
7.4937 	EXP 	start_task_text: autoDraw = True
11.5449 	EXP 	Device response: <KeyPress from None: t=11.521058183003333, value=space, duration=None>
11.5611 	EXP 	Imported ../stimuli/stimuli_order_all.csv as conditions, 10 conditions, 2 params
11.5623 	EXP 	New trial (rep=0, index=0): <Trial 0 (0 in rep 0) data={'stimuli': '../stimuli/RANDOM MECHANICAL.AVI', 'category': 'nonsocial', 'thisN': 0, 'thisTrialN': 0, 'thisRepN': 0}>
12.0281 	EXP 	Device response: <KeyPress from None: t=11.521058183003333, value=space, duration=0.11166730300465133>
12.0392 	DATA 	Keypress: space
12.0462 	WARNING 	t of last frame was 520.26ms (=1/1)
12.0462 	EXP 	Intro: autoDraw = False
12.0462 	EXP 	start_task_text: autoDraw = False
12.0462 	EXP 	video_stim: autoDraw = True
29.4509 	WARNING 	t of last frame was 23.19ms (=1/43)
29.5338 	WARNING 	t of last frame was 22.57ms (=1/44)
30.2469 	WARNING 	t of last frame was 28.30ms (=1/35)
30.2720 	WARNING 	Multiple dropped frames have occurred - I'll stop bothering you about them!
31.6244 	EXP 	video_stim: autoDraw = False
31.6244 	EXP 	resp_prompt: autoDraw = True
33.0023 	EXP 	Device response: <KeyPress from None: t=33.00139014000888, value=right, duration=None>
33.0771 	DATA 	Keypress: right
33.0850 	EXP 	Device response: <KeyPress from None: t=33.00139014000888, value=right, duration=0.07068874999822583>
34.8069 	EXP 	Device response: <KeyPress from None: t=34.80139894600143, value=right, duration=None>
34.8114 	DATA 	Keypress: right
34.8163 	EXP 	resp_prompt: autoDraw = False
34.8163 	EXP 	fixation: autoDraw = True
34.9007 	EXP 	Device response: <KeyPress from None: t=34.80139894600143, value=right, duration=0.09455574699677527>
39.8001 	EXP 	New trial (rep=0, index=1): <Trial 1 (1 in rep 0) data={'stimuli': '../stimuli/DRIFTING-A.AVI', 'category': 'nonsocial', 'thisN': 1, 'thisTrialN': 1, 'thisRepN': 0}>
39.8814 	EXP 	fixation: autoDraw = False
39.8814 	EXP 	fixation: autoDraw = False
39.8814 	EXP 	video_stim: autoDraw = True
42.1842 	EXP 	Device response: <KeyPress from None: t=42.17722062500252, value=escape, duration=None>
42.1866 	DATA 	Keypress: escape
42.3002 	EXP 	Device response: <KeyPress from None: t=42.17722062500252, value=escape, duration=0.11991931499505881>
42.3002 	EXP 	social-animation: status = STOPPED
42.3051 	EXP 	video_stim: autoDraw = False
42.3052 	EXP 	social-animation: status = STOPPED
