15.9820 	WARNING 	Font Manager failed to load file /System/Library/PrivateFrameworks/FontServices.framework/Resources/Reserved/PingFangUI.ttc
16.0756 	WARNING 	Font Manager failed to load file /System/Library/PrivateFrameworks/FontServices.framework/Resources/Reserved/PingFangUI.ttc
33.0852 	DEBUG 	Fullscreen settings ignored as running in pilot mode.
33.0863 	INFO 	Loaded monitor calibration from ['2025_08_18 14:14']
33.2470 	INFO 	Using renderer 'Intel(R) UHD Graphics 630' for graphics
33.2470 	INFO 	OpenGL version supported by driver is 2..
33.2604 	EXP 	Created window1 = Window(allowGUI=False, allowStencil=False, autoLog=True, backendConf=UNKNOWN, backgroundFit=<method-wrapper '__getattribute__' of attributeSetter object at 0x13c9aeef0>, backgroundImage=<method-wrapper '__getattribute__' of attributeSetter object at 0x13c9aef50>, bitsMode=UNKNOWN, blendMode='avg', bpc=(8, 8, 8), color=array([0, 0, 0]), colorSpace='rgb', depthBits=8, fullscr=False, gamma=None, gammaErrorPolicy='raise', infoMsg=UNKNOWN, lms=UNKNOWN, monitor=<psychopy.monitors.calibTools.Monitor object at 0x13cc67e20>, multiSample=False, name='window1', numSamples=2, pos=[np.float64(560.0), np.float64(240.0)], screen=0, size=array([800, 600]), stencilBits=0, stereo=False, title='PsychoPy', units='height', useFBO=True, useRetina=False, viewOri=0.0, viewPos=None, viewScale=None, waitBlanking=True, winType='pyglet')
33.2604 	EXP 	window1: backgroundImage = ''
33.2604 	EXP 	window1: backgroundFit = 'none'
33.2844 	DEBUG 	TextBox2 loaded 1 chars with 0 blanks and 1 valid
33.2965 	DEBUG 	TextBox2 loaded 1 chars with 0 blanks and 1 valid
33.3091 	DEBUG 	TextBox2 loaded 1 chars with 0 blanks and 1 valid
33.3220 	DEBUG 	TextBox2 loaded 1 chars with 0 blanks and 1 valid
33.3351 	DEBUG 	TextBox2 loaded 1 chars with 0 blanks and 1 valid
33.3470 	DEBUG 	TextBox2 loaded 1 chars with 0 blanks and 1 valid
33.3588 	DEBUG 	TextBox2 loaded 1 chars with 0 blanks and 1 valid
33.3711 	DEBUG 	TextBox2 loaded 1 chars with 0 blanks and 1 valid
33.3825 	DEBUG 	TextBox2 loaded 1 chars with 0 blanks and 1 valid
33.3940 	DEBUG 	TextBox2 loaded 1 chars with 0 blanks and 1 valid
33.4059 	DEBUG 	TextBox2 loaded 1 chars with 0 blanks and 1 valid
33.4178 	DEBUG 	TextBox2 loaded 1 chars with 0 blanks and 1 valid
33.4298 	DEBUG 	TextBox2 loaded 1 chars with 0 blanks and 1 valid
33.4419 	DEBUG 	TextBox2 loaded 1 chars with 0 blanks and 1 valid
33.4537 	DEBUG 	TextBox2 loaded 1 chars with 0 blanks and 1 valid
33.4657 	DEBUG 	TextBox2 loaded 1 chars with 0 blanks and 1 valid
33.4776 	DEBUG 	TextBox2 loaded 1 chars with 0 blanks and 1 valid
33.4892 	DEBUG 	TextBox2 loaded 1 chars with 0 blanks and 1 valid
33.5008 	DEBUG 	TextBox2 loaded 1 chars with 0 blanks and 1 valid
33.5129 	DEBUG 	TextBox2 loaded 1 chars with 0 blanks and 1 valid
33.5247 	DEBUG 	TextBox2 loaded 1 chars with 0 blanks and 1 valid
33.5250 	DEBUG 	Uploading Texture Font fontname to graphics card
33.5270 	DEBUG 	Upload of Texture Font fontname complete
33.5452 	DEBUG 	TextBox2 loaded 1 chars with 0 blanks and 1 valid
33.5573 	DEBUG 	TextBox2 loaded 1 chars with 0 blanks and 1 valid
33.5693 	DEBUG 	TextBox2 loaded 1 chars with 0 blanks and 1 valid
33.5695 	DEBUG 	Uploading Texture Font fontname to graphics card
33.5701 	DEBUG 	Upload of Texture Font fontname complete
33.5720 	EXP 	window1: Attempting to measure frame rate of screen (0) ...
33.5720 	EXP 	window1: recordFrameIntervals = False
33.7240 	EXP 	window1: recordFrameIntervals = True
34.5574 	WARNING 	Couldn't measure a consistent frame rate!
  - Is your graphics card set to sync to vertical blank?
  - Are you running other processes on your computer?

34.5755 	DEBUG 	TextBox2 loaded 1 chars with 0 blanks and 1 valid
34.5873 	DEBUG 	TextBox2 loaded 1 chars with 0 blanks and 1 valid
34.5991 	DEBUG 	TextBox2 loaded 1 chars with 0 blanks and 1 valid
34.6113 	DEBUG 	TextBox2 loaded 1 chars with 0 blanks and 1 valid
34.6235 	DEBUG 	TextBox2 loaded 1 chars with 0 blanks and 1 valid
34.6358 	DEBUG 	TextBox2 loaded 1 chars with 0 blanks and 1 valid
34.6474 	DEBUG 	TextBox2 loaded 1 chars with 0 blanks and 1 valid
34.6594 	DEBUG 	TextBox2 loaded 1 chars with 0 blanks and 1 valid
34.6716 	DEBUG 	TextBox2 loaded 1 chars with 0 blanks and 1 valid
34.6837 	DEBUG 	TextBox2 loaded 1 chars with 0 blanks and 1 valid
34.6840 	DEBUG 	Uploading Texture Font fontname to graphics card
34.6865 	DEBUG 	Upload of Texture Font fontname complete
34.7365 	WARNING 	launchHubServer: If using the iohub mouse or eyetracker devices, fullScr should be True.
37.6892 	INFO 	keyboard.Keyboard is using iohub backend.
37.6893 	EXP 	hcp_social-animation-fmri: status = STARTED
37.8419 	EXP 	Created Intro = TextStim(__class__=<class 'psychopy.visual.text.TextStim'>, alignHoriz=method-wrapper(...), alignText='center', alignVert=method-wrapper(...), anchorHoriz='center', anchorVert='center', antialias=True, autoDraw=False, autoLog=True, bold=False, color=array([1., 1., 1.]), colorSpace='rgb', contrast=1.0, depth=0.0, draggable=False, flipHoriz=False, flipVert=False, font='Open Sans', fontFiles=[], height=np.float64(0.04), italic=False, languageStyle='LTR', name='Intro', opacity=1, ori=0.0, pos=array([0., 0.]), rgb=UNKNOWN, text=str(...), units='height', win=Window(...), wrapWidth=1)
37.8506 	EXP 	Created start_task_text = TextStim(__class__=<class 'psychopy.visual.text.TextStim'>, alignHoriz=method-wrapper(...), alignText='center', alignVert=method-wrapper(...), anchorHoriz='center', anchorVert='center', antialias=True, autoDraw=False, autoLog=True, bold=False, color=array([1., 1., 1.]), colorSpace='rgb', contrast=1.0, depth=-1.0, draggable=False, flipHoriz=False, flipVert=False, font='Arial', fontFiles=[], height=np.float64(0.04), italic=False, languageStyle='LTR', name='start_task_text', opacity=1, ori=0.0, pos=array([300.,   0.]), rgb=UNKNOWN, text='Press space to start the task.', units='height', win=Window(...), wrapWidth=1)
37.8627 	WARNING 	Using `sdl2` for audio playback via `ffpyplayer`. This is not recommended for applications requiring precise audio-visual synchronization.
37.8719 	EXP 	Created resp_prompt = TextStim(__class__=<class 'psychopy.visual.text.TextStim'>, alignHoriz=method-wrapper(...), alignText='center', alignVert=method-wrapper(...), anchorHoriz='center', anchorVert='center', antialias=True, autoDraw=False, autoLog=True, bold=False, color=array([1., 1., 1.]), colorSpace='rgb', contrast=1.0, depth=0.0, draggable=False, flipHoriz=False, flipVert=False, font='Open Sans', fontFiles=[], height=np.float64(0.05), italic=False, languageStyle='LTR', name='resp_prompt', opacity=1, ori=0.0, pos=array([0., 0.]), rgb=UNKNOWN, text='Social         Unsure         Non-social', units='height', win=Window(...), wrapWidth=1)
37.8746 	EXP 	Created fixation = TextStim(__class__=<class 'psychopy.visual.text.TextStim'>, alignHoriz=method-wrapper(...), alignText='center', alignVert=method-wrapper(...), anchorHoriz='center', anchorVert='center', antialias=True, autoDraw=False, autoLog=True, bold=False, color=array([1., 1., 1.]), colorSpace='rgb', contrast=1.0, depth=0.0, draggable=False, flipHoriz=False, flipVert=False, font='Open Sans', fontFiles=[], height=np.float64(0.1), italic=False, languageStyle='LTR', name='fixation', opacity=1, ori=0.0, pos=array([0., 0.]), rgb=UNKNOWN, text='+', units='height', win=Window(...), wrapWidth=1)
37.8828 	EXP 	Created end_run_text = TextStim(__class__=<class 'psychopy.visual.text.TextStim'>, alignHoriz=method-wrapper(...), alignText='center', alignVert=method-wrapper(...), anchorHoriz='center', anchorVert='center', antialias=True, autoDraw=False, autoLog=True, bold=False, color=array([1., 1., 1.]), colorSpace='rgb', contrast=1.0, depth=0.0, draggable=False, flipHoriz=False, flipVert=False, font='Open Sans', fontFiles=[], height=np.float64(0.05), italic=False, languageStyle='LTR', name='end_run_text', opacity=1, ori=0.0, pos=array([0., 0.]), rgb=UNKNOWN, text=str(...), units='height', win=Window(...), wrapWidth=1)
37.8888 	EXP 	Created end_task_text = TextStim(__class__=<class 'psychopy.visual.text.TextStim'>, alignHoriz=method-wrapper(...), alignText='center', alignVert=method-wrapper(...), anchorHoriz='center', anchorVert='center', antialias=True, autoDraw=False, autoLog=True, bold=False, color=array([1., 1., 1.]), colorSpace='rgb', contrast=1.0, depth=0.0, draggable=False, flipHoriz=False, flipVert=False, font='Open Sans', fontFiles=[], height=np.float64(0.05), italic=False, languageStyle='LTR', name='end_task_text', opacity=1, ori=0.0, pos=array([0., 0.]), rgb=UNKNOWN, text=str(...), units='height', win=Window(...), wrapWidth=1)
0.0039 	EXP 	video_stim: autoLog = True
0.0242 	INFO 	Keyboard events cleared
0.0236 	EXP 	Intro: autoDraw = True
4.9913 	EXP 	start_task_text: autoDraw = True
37.1725 	EXP 	Device response: <KeyPress from None: t=37.15550469700247, value=escape, duration=None>
37.1924 	DATA 	Keypress: escape
37.1954 	WARNING 	t of last frame was 42.23ms (=1/23)
37.2829 	EXP 	Device response: <KeyPress from None: t=37.15550469700247, value=escape, duration=0.11990002200764138>
37.2832 	EXP 	hcp_social-animation-fmri: status = STOPPED
37.2860 	EXP 	Intro: autoDraw = False
37.2860 	EXP 	start_task_text: autoDraw = False
37.2881 	EXP 	hcp_social-animation-fmri: status = STOPPED
37.2904 	INFO 	saved data to '/Users/mizwally/Desktop/SCANS-social_animation_fNIRS/code/../data/pilot_hcp_social-animation-fmri_2025-10-02_12h35.42.463.csv'
37.2908 	INFO 	saved data to /Users/mizwally/Desktop/SCANS-social_animation_fNIRS/code/../data/pilot_hcp_social-animation-fmri_2025-10-02_12h35.42.463.psydat
37.5642 	DEBUG 	Saving data for hcp_social-animation-fmri ExperimentHandler
